Steam API Search Query: '007 First Light' (original: '007 First Light')
Steam API Search URL: https://store.steampowered.com/api/storesearch/?term=007%20First%20Light&l=english&cc=US
Steam API search results: ['total', 'items']
Steam API items: 10 items found. First: 007 First Light
Steam API Search Query: 'God of War: Ragnark' (original: 'God of War: Ragnarök')
Steam API Search URL: https://store.steampowered.com/api/storesearch/?term=God%20of%20War%3A%20Ragnark&l=english&cc=US
Steam API search results: ['total', 'items']
Steam API Search Query: 'God of War: Ragnarok' (original: 'God of War: Ragnarök')
Steam API search results: ['total', 'items']
Steam API items: 4 items found. First: God of War Ragnarök
Steam API Search Query: 'God of War: Ragnarok' (original: 'God of War: Ragnarök')
Steam API search results: ['total', 'items']
Steam API items: 4 items found. First: God of War Ragnarök
Steam API Search Query: 'Cyberpunk' (original: 'Cyberpunk 2077')
Steam API search results: ['total', 'items']
Steam API items: 10 items found. First: Cyberpunk 2077
Steam API Search Query: 'God of War: Ragnarok' (original: 'God of War: Ragnarök')
Steam API search results: ['total', 'items']
Steam API items: 4 items found. First: God of War Ragnarök
Steam API Search Query: 'Cyberpunk' (original: 'Cyberpunk 2077')
Steam API search results: ['total', 'items']
Steam API items: 10 items found. First: Cyberpunk 2077
Steam API Search Query: 'Cyberpunk' (original: 'Cyberpunk 2077')
Steam API search results: ['total', 'items']
Steam API items: 10 items found. First: Cyberpunk 2077
Steam API Search Query: 'Cyberpunk' (original: 'Cyberpunk 2077')
Steam API search results: ['total', 'items']
Steam API items: 10 items found. First: Cyberpunk 2077
Steam API Search Query: 'Resident Evil Requiem' (original: 'Resident Evil Requiem')
Steam API search results: ['total', 'items']
Steam API items: 5 items found. First: Resident Evil Requiem
Steam API Search Query: 'Resident Evil Requiem' (original: 'Resident Evil Requiem')
Steam API search results: ['total', 'items']
Steam API items: 5 items found. First: Resident Evil Requiem
Steam API Search Query: 'Returning to Mia' (original: 'Returning to Mia')
Steam API search results: ['total', 'items']
Steam API items: 2 items found. First: Returning To Mia
Steam API Search Query: 'Resident Evil Requiem' (original: 'Resident Evil Requiem')
Steam API search results: ['total', 'items']
Steam API items: 5 items found. First: Resident Evil Requiem
Steam API Search Query: 'Resident Evil Requiem' (original: 'Resident Evil Requiem')
Steam API search results: ['total', 'items']
Steam API items: 5 items found. First: Resident Evil Requiem
Steam API Search Query: 'Forza Horizon 6' (original: 'Forza Horizon 6')
Steam API search results: ['total', 'items']
Steam API items: 10 items found. First: Forza Horizon 6
Steam API Search Query: 'The Genesis Order' (original: 'The Genesis Order')
Steam API search results: ['total', 'items']
Steam API items: 1 items found. First: The Genesis Order
Steam API Search Query: 'Resident Evil Requiem' (original: 'Resident Evil Requiem')
Steam API search results: ['total', 'items']
Steam API items: 5 items found. First: Resident Evil Requiem
Steam API Search Query: 'Cyberpunk' (original: 'Cyberpunk 2077')
Steam API search results: ['total', 'items']
Steam API items: 10 items found. First: Cyberpunk 2077
Steam API Search Query: 'Resident Evil Requiem' (original: 'Resident Evil Requiem')
Steam API search results: ['total', 'items']
Steam API items: 5 items found. First: Resident Evil Requiem
Steam API Search Query: 'Forza Horizon 6' (original: 'Forza Horizon 6')
Steam API search results: ['total', 'items']
Steam API items: 10 items found. First: Forza Horizon 6
